<?xml version="1.0" encoding="UTF-8"?>
<!-- Generated by org.testng.reporters.JUnitReportReporter -->
<testsuite hostname="DESKTOP-KT2J2VU" name="com.semrush.pages.CreateProjectTests" tests="2" failures="0" timestamp="3 Apr 2016 20:43:11 GMT" time="16.812" errors="0">
  <testcase name="incorrectProjectDomain_ErrorMessageIsDisplayed" time="6.469" classname="com.semrush.pages.CreateProjectTests"/>
  <testcase name="correctProjectName_ProjectHasCreated" time="10.343" classname="com.semrush.pages.CreateProjectTests"/>
</testsuite> <!-- com.semrush.pages.CreateProjectTests -->
