<?xml version="1.0" encoding="UTF-8"?>
<!-- Generated by org.testng.reporters.JUnitReportReporter -->
<testsuite hostname="DESKTOP-KT2J2VU" name="com.semrush.pages.LoginTests" tests="2" failures="0" timestamp="4 Apr 2016 12:15:20 GMT" time="23.317" errors="0">
  <testcase name="correctEmailAndPassword_LoginSuccessful" time="16.310" classname="com.semrush.pages.LoginTests"/>
  <testcase name="incorrectPassword_ErrorMessageIsDisplayed" time="7.007" classname="com.semrush.pages.LoginTests"/>
</testsuite> <!-- com.semrush.pages.LoginTests -->
