<?xml version="1.0" encoding="UTF-8"?>
<!-- Generated by org.testng.reporters.JUnitReportReporter -->
<testsuite hostname="DESKTOP-KT2J2VU" name="com.semrush.pages.CreateProjectTests" tests="2" failures="0" timestamp="4 Apr 2016 12:15:20 GMT" time="43.588" errors="0">
  <testcase name="incorrectProjectDomain_ErrorMessageIsDisplayed" time="34.676" classname="com.semrush.pages.CreateProjectTests"/>
  <testcase name="correctProjectName_ProjectHasCreated" time="8.912" classname="com.semrush.pages.CreateProjectTests"/>
</testsuite> <!-- com.semrush.pages.CreateProjectTests -->
