<?xml version="1.0" encoding="UTF-8"?>
<!-- Generated by org.testng.reporters.JUnitReportReporter -->
<testsuite hostname="DESKTOP-KT2J2VU" name="com.semrush.pages.CreateProjectTests" tests="2" failures="0" timestamp="4 Apr 2016 11:54:13 GMT" time="43.707" errors="0">
  <testcase name="incorrectProjectDomain_ErrorMessageIsDisplayed" time="35.743" classname="com.semrush.pages.CreateProjectTests"/>
  <testcase name="correctProjectName_ProjectHasCreated" time="7.964" classname="com.semrush.pages.CreateProjectTests"/>
</testsuite> <!-- com.semrush.pages.CreateProjectTests -->
