<?xml version="1.0" encoding="UTF-8"?>
<!-- Generated by org.testng.reporters.JUnitReportReporter -->
<testsuite hostname="DESKTOP-KT2J2VU" name="com.semrush.pages.LoginTests" tests="2" failures="0" timestamp="4 Apr 2016 12:09:16 GMT" time="21.784" errors="0">
  <testcase name="correctEmailAndPassword_LoginSuccessful" time="16.293" classname="com.semrush.pages.LoginTests"/>
  <testcase name="incorrectPassword_ErrorMessageIsDisplayed" time="5.491" classname="com.semrush.pages.LoginTests"/>
</testsuite> <!-- com.semrush.pages.LoginTests -->
