<?xml version="1.0" encoding="UTF-8"?>
<!-- Generated by org.testng.reporters.JUnitReportReporter -->
<testsuite hostname="DESKTOP-KT2J2VU" name="com.semrush.pages.AuditTests" tests="5" failures="0" timestamp="4 Apr 2016 12:15:20 GMT" time="256.995" errors="0">
  <testcase name="setRemoveParametersUrls_shouldNotBePresentInReport" time="60.819" classname="com.semrush.pages.AuditTests"/>
  <testcase name="reportShouldContainsStatistic" time="21.945" classname="com.semrush.pages.AuditTests"/>
  <testcase name="setMasksForDisallowUrls_shouldNotBePresentInReport" time="71.145" classname="com.semrush.pages.AuditTests"/>
  <testcase name="setMasksForDisallowAndRemoveParameters_shouldNotBePresentInReport" time="83.796" classname="com.semrush.pages.AuditTests"/>
  <testcase name="setCustomPagesCrawled_shouldCrawlCustomNumberOfPages" time="19.290" classname="com.semrush.pages.AuditTests"/>
</testsuite> <!-- com.semrush.pages.AuditTests -->
