<?xml version="1.0" encoding="UTF-8"?>
<!-- Generated by org.testng.reporters.JUnitReportReporter -->
<testsuite hostname="DESKTOP-KT2J2VU" name="com.semrush.pages.CreateProjectTests" tests="2" failures="0" timestamp="4 Apr 2016 12:09:16 GMT" time="14.397" errors="0">
  <testcase name="incorrectProjectDomain_ErrorMessageIsDisplayed" time="5.569" classname="com.semrush.pages.CreateProjectTests"/>
  <testcase name="correctProjectName_ProjectHasCreated" time="8.828" classname="com.semrush.pages.CreateProjectTests"/>
</testsuite> <!-- com.semrush.pages.CreateProjectTests -->
