<?xml version="1.0" encoding="UTF-8"?>
<!-- Generated by org.testng.reporters.JUnitReportReporter -->
<testsuite hostname="DESKTOP-KT2J2VU" name="com.semrush.pages.LoginTests" tests="2" failures="0" timestamp="4 Apr 2016 11:54:13 GMT" time="19.953" errors="0">
  <testcase name="incorrectPassword_ErrorMessageIsDisplayed" time="7.409" classname="com.semrush.pages.LoginTests"/>
  <testcase name="correctEmailAndPassword_LoginSuccessful" time="12.544" classname="com.semrush.pages.LoginTests"/>
</testsuite> <!-- com.semrush.pages.LoginTests -->
