<?xml version="1.0" encoding="UTF-8"?>
<!-- Generated by org.testng.reporters.JUnitReportReporter -->
<testsuite hostname="DESKTOP-KT2J2VU" name="com.semrush.pages.CreateProjectTests" tests="2" failures="0" timestamp="4 Apr 2016 09:39:44 GMT" time="44.308" errors="0">
  <testcase name="incorrectProjectDomain_ErrorMessageIsDisplayed" time="35.076" classname="com.semrush.pages.CreateProjectTests"/>
  <testcase name="correctProjectName_ProjectHasCreated" time="9.232" classname="com.semrush.pages.CreateProjectTests"/>
</testsuite> <!-- com.semrush.pages.CreateProjectTests -->
