<?xml version="1.0" encoding="UTF-8"?>
<!-- Generated by org.testng.reporters.JUnitReportReporter -->
<testsuite hostname="DESKTOP-KT2J2VU" name="com.semrush.pages.LoginTests" tests="2" failures="0" timestamp="3 Apr 2016 20:43:11 GMT" time="22.057" errors="0">
  <testcase name="incorrectPassword_ErrorMessageIsDisplayed" time="7.077" classname="com.semrush.pages.LoginTests"/>
  <testcase name="correctEmailAndPassword_LoginSuccessful" time="14.980" classname="com.semrush.pages.LoginTests"/>
</testsuite> <!-- com.semrush.pages.LoginTests -->
