<?xml version="1.0" encoding="UTF-8"?>
<!-- Generated by org.testng.reporters.JUnitReportReporter -->
<testsuite hostname="DESKTOP-KT2J2VU" name="com.semrush.pages.AuditTests" tests="5" failures="0" timestamp="3 Apr 2016 20:43:11 GMT" time="230.513" errors="0">
  <testcase name="setCustomPagesCrawled_shouldCrawlCustomNumberOfPages" time="19.783" classname="com.semrush.pages.AuditTests"/>
  <testcase name="setMasksForDisallowUrls_shouldNotBePresentInReport" time="54.652" classname="com.semrush.pages.AuditTests"/>
  <testcase name="setRemoveParametersUrls_shouldNotBePresentInReport" time="51.739" classname="com.semrush.pages.AuditTests"/>
  <testcase name="reportShouldContainsStatistic" time="22.078" classname="com.semrush.pages.AuditTests"/>
  <testcase name="setMasksForDisallowAndRemoveParameters_shouldNotBePresentInReport" time="82.261" classname="com.semrush.pages.AuditTests"/>
</testsuite> <!-- com.semrush.pages.AuditTests -->
